<?xml version="1.0" encoding="UTF-8"?>
<testsuite name="com.ugo.mhews.mealmanage.data.common.ErrorMapperTest" tests="1" skipped="0" failures="0" errors="0" timestamp="2025-09-12T10:13:31" hostname="lynkto-1s-Mac-mini.local" time="0.004">
  <properties/>
  <testcase name="mapsUnknown" classname="com.ugo.mhews.mealmanage.data.common.ErrorMapperTest" time="0.004"/>
  <system-out><![CDATA[]]></system-out>
  <system-err><![CDATA[]]></system-err>
</testsuite>
