<?xml version="1.0" encoding="UTF-8"?>
<testsuite name="com.ugo.mhews.mealmanage.domain.usecase.MealUseCasesTest" tests="2" skipped="0" failures="0" errors="0" timestamp="2025-09-12T10:13:29" hostname="lynkto-1s-Mac-mini.local" time="0.626">
  <properties/>
  <testcase name="observeMealsForMonth_emits" classname="com.ugo.mhews.mealmanage.domain.usecase.MealUseCasesTest" time="0.615"/>
  <testcase name="setMealForDate_success" classname="com.ugo.mhews.mealmanage.domain.usecase.MealUseCasesTest" time="0.01"/>
  <system-out><![CDATA[]]></system-out>
  <system-err><![CDATA[]]></system-err>
</testsuite>
